app/build/outputs/logs/manifest-merger-debug-report.txt
-- Merging decision tree log ---
manifest
ADDED from src\main\AndroidManifest.xml:2:1-135:12
	package
		ADDED from src\main\AndroidManifest.xml:3:5-45
		INJECTED from src\main\AndroidManifest.xml
		INJECTED from src\main\AndroidManifest.xml
	android:versionName
		INJECTED from src\main\AndroidManifest.xml
		INJECTED from src\main\AndroidManifest.xml
	xmlns:android
		ADDED from src\main\AndroidManifest.xml:2:11-69
	android:versionCode
		INJECTED from src\main\AndroidManifest.xml
		INJECTED from src\main\AndroidManifest.xml
uses-permission#android.permission.INTERNET
ADDED from src\main\AndroidManifest.xml:5:5-67
MERGED from [com.daimajia.slider:library:1.1.5] AndroidManifest.xml:11:5-67
	android:name
		ADDED from src\main\AndroidManifest.xml:5:22-64
uses-permission#android.permission.ACCESS_NETWORK_STATE
ADDED from src\main\AndroidManifest.xml:6:5-79
	android:name
		ADDED from src\main\AndroidManifest.xml:6:22-76
uses-permission#android.permission.ACCESS_FINE_LOCATION
ADDED from src\main\AndroidManifest.xml:7:5-79
	android:name
		ADDED from src\main\AndroidManifest.xml:7:22-76
uses-permission#android.permission.ACCESS_COARSE_LOCATION
ADDED from src\main\AndroidManifest.xml:8:5-81
	android:name
		ADDED from src\main\AndroidManifest.xml:8:22-78
uses-permission#android.permission.WRITE_EXTERNAL_STORAGE
ADDED from src\main\AndroidManifest.xml:9:5-81
MERGED from [com.daimajia.slider:library:1.1.5] AndroidManifest.xml:12:5-81
	android:name
		ADDED from src\main\AndroidManifest.xml:9:22-78
uses-permission#android.permission.READ_EXTERNAL_STORAGE
ADDED from src\main\AndroidManifest.xml:10:5-80
	android:name
		ADDED from src\main\AndroidManifest.xml:10:22-77
application
ADDED from src\main\AndroidManifest.xml:12:5-133:19
MERGED from [com.synnapps:carouselview:0.1.4] AndroidManifest.xml:11:5-14:19
MERGED from [com.android.support:design:25.3.1] AndroidManifest.xml:29:5-20
MERGED from [com.android.support:transition:25.3.1] AndroidManifest.xml:26:5-20
MERGED from [com.android.support:appcompat-v7:25.3.1] AndroidManifest.xml:29:5-20
MERGED from [com.android.support:animated-vector-drawable:25.3.1] AndroidManifest.xml:26:5-20
MERGED from [com.android.support:support-vector-drawable:25.3.1] AndroidManifest.xml:26:5-20
MERGED from [com.android.support:support-v4:25.3.1] AndroidManifest.xml:29:5-20
MERGED from [com.android.support:support-fragment:25.3.1] AndroidManifest.xml:29:5-20
MERGED from [com.android.support:support-media-compat:25.3.1] AndroidManifest.xml:29:5-20
MERGED from [com.android.support:support-core-ui:25.3.1] AndroidManifest.xml:29:5-20
MERGED from [com.android.support:support-core-utils:25.3.1] AndroidManifest.xml:29:5-20
MERGED from [com.android.support:support-compat:25.3.1] AndroidManifest.xml:29:5-20
MERGED from [com.android.support:cardview-v7:25.3.1] AndroidManifest.xml:26:5-20
MERGED from [de.hdodenhof:circleimageview:2.1.0] AndroidManifest.xml:9:5-20
MERGED from [com.android.support.constraint:constraint-layout:1.0.2] AndroidManifest.xml:9:5-20
	android:label
		ADDED from src\main\AndroidManifest.xml:15:9-41
	android:supportsRtl
		ADDED from src\main\AndroidManifest.xml:16:9-35
	android:allowBackup
		ADDED from src\main\AndroidManifest.xml:13:9-35
	android:icon
		ADDED from src\main\AndroidManifest.xml:14:9-44
	android:theme
		ADDED from src\main\AndroidManifest.xml:17:9-59
activity#com.example.cttarde.tcc_wissen.activity.MainActivity
ADDED from src\main\AndroidManifest.xml:18:9-27:20
	android:theme
		ADDED from src\main\AndroidManifest.xml:19:13-55
	android:name
		ADDED from src\main\AndroidManifest.xml:18:19-56
intent-filter#android.intent.action.MAIN+android.intent.category.LAUNCHER
ADDED from src\main\AndroidManifest.xml:20:13-26:29
action#android.intent.action.MAIN
ADDED from src\main\AndroidManifest.xml:21:17-69
	android:name
		ADDED from src\main\AndroidManifest.xml:21:25-66
category#android.intent.category.LAUNCHER
ADDED from src\main\AndroidManifest.xml:25:17-77
	android:name
		ADDED from src\main\AndroidManifest.xml:25:27-74
activity#com.example.cttarde.tcc_wissen.activity.LoginActivity
ADDED from src\main\AndroidManifest.xml:28:9-39:20
	android:windowSoftInputMode
		ADDED from src\main\AndroidManifest.xml:31:13-54
	android:theme
		ADDED from src\main\AndroidManifest.xml:30:13-48
	android:name
		ADDED from src\main\AndroidManifest.xml:29:13-51
intent-filter#android.intent.action.RUN+android.intent.category.LAUNCHER
ADDED from src\main\AndroidManifest.xml:32:13-38:29
action#android.intent.action.RUN
ADDED from src\main\AndroidManifest.xml:33:17-68
	android:name
		ADDED from src\main\AndroidManifest.xml:33:25-65
activity#com.example.cttarde.tcc_wissen.activity.RegisterActivity
ADDED from src\main\AndroidManifest.xml:40:9-51:20
	android:windowSoftInputMode
		ADDED from src\main\AndroidManifest.xml:43:13-54
	android:theme
		ADDED from src\main\AndroidManifest.xml:42:13-48
	android:name
		ADDED from src\main\AndroidManifest.xml:41:13-54
activity#com.example.cttarde.tcc_wissen.activity.Teste
ADDED from src\main\AndroidManifest.xml:52:9-60:20
	android:name
		ADDED from src\main\AndroidManifest.xml:52:19-49
activity#com.example.cttarde.tcc_wissen.activity.FirstActivity
ADDED from src\main\AndroidManifest.xml:61:9-69:20
	android:name
		ADDED from src\main\AndroidManifest.xml:61:19-57
activity#com.example.cttarde.tcc_wissen.detail.ImageDetailsActivity
ADDED from src\main\AndroidManifest.xml:70:9-79:20
	android:theme
		ADDED from src\main\AndroidManifest.xml:71:13-55
	android:name
		ADDED from src\main\AndroidManifest.xml:70:19-62
activity#com.example.cttarde.tcc_wissen.activity.HomeClassActivity
ADDED from src\main\AndroidManifest.xml:80:9-90:20
	android:theme
		ADDED from src\main\AndroidManifest.xml:82:13-55
	android:name
		ADDED from src\main\AndroidManifest.xml:81:13-55
activity#com.example.cttarde.tcc_wissen.activity.PerfilActivity
ADDED from src\main\AndroidManifest.xml:91:9-93:58
	android:theme
		ADDED from src\main\AndroidManifest.xml:93:13-55
	android:name
		ADDED from src\main\AndroidManifest.xml:92:13-52
activity#com.example.cttarde.tcc_wissen.activity.BuscaEventosActivity
ADDED from src\main\AndroidManifest.xml:94:9-97:57
	android:windowSoftInputMode
		ADDED from src\main\AndroidManifest.xml:97:13-54
	android:theme
		ADDED from src\main\AndroidManifest.xml:96:13-47
	android:name
		ADDED from src\main\AndroidManifest.xml:95:13-58
activity#com.example.cttarde.tcc_wissen.detail.Denuncia
ADDED from src\main\AndroidManifest.xml:98:9-100:51
	android:theme
		ADDED from src\main\AndroidManifest.xml:100:13-48
	android:name
		ADDED from src\main\AndroidManifest.xml:99:13-44
activity#com.example.cttarde.tcc_wissen.activity.SeguidoresActivity
ADDED from src\main\AndroidManifest.xml:101:9-103:50
	android:theme
		ADDED from src\main\AndroidManifest.xml:103:13-47
	android:name
		ADDED from src\main\AndroidManifest.xml:102:13-56
activity#com.example.cttarde.tcc_wissen.activity.PerfilEdit
ADDED from src\main\AndroidManifest.xml:104:9-107:57
	android:windowSoftInputMode
		ADDED from src\main\AndroidManifest.xml:107:13-54
	android:theme
		ADDED from src\main\AndroidManifest.xml:106:13-48
	android:name
		ADDED from src\main\AndroidManifest.xml:105:13-48
activity#com.example.cttarde.tcc_wissen.activity.PalavraChaveActivity
ADDED from src\main\AndroidManifest.xml:108:9-110:53
	android:theme
		ADDED from src\main\AndroidManifest.xml:110:13-50
	android:name
		ADDED from src\main\AndroidManifest.xml:109:13-58
activity#com.example.cttarde.tcc_wissen.activity.AdicionarEventoActivity
ADDED from src\main\AndroidManifest.xml:111:9-114:57
	android:windowSoftInputMode
		ADDED from src\main\AndroidManifest.xml:114:13-54
	android:theme
		ADDED from src\main\AndroidManifest.xml:113:13-48
	android:name
		ADDED from src\main\AndroidManifest.xml:112:13-61
activity#com.example.cttarde.tcc_wissen.detail.MyImageDetailActivity
ADDED from src\main\AndroidManifest.xml:115:9-117:58
	android:theme
		ADDED from src\main\AndroidManifest.xml:117:13-55
	android:name
		ADDED from src\main\AndroidManifest.xml:116:13-57
activity#com.example.cttarde.tcc_wissen.detail.MyImageDetailEdit
ADDED from src\main\AndroidManifest.xml:118:9-121:57
	android:windowSoftInputMode
		ADDED from src\main\AndroidManifest.xml:121:13-54
	android:theme
		ADDED from src\main\AndroidManifest.xml:120:13-48
	android:name
		ADDED from src\main\AndroidManifest.xml:119:13-53
activity#com.example.cttarde.tcc_wissen.activity.PerfilSeguidorActivity
ADDED from src\main\AndroidManifest.xml:122:9-124:58
	android:theme
		ADDED from src\main\AndroidManifest.xml:124:13-55
	android:name
		ADDED from src\main\AndroidManifest.xml:123:13-60
activity#com.example.cttarde.tcc_wissen.activity.BuscarPessoasActivity
ADDED from src\main\AndroidManifest.xml:125:9-128:57
	android:windowSoftInputMode
		ADDED from src\main\AndroidManifest.xml:128:13-54
	android:theme
		ADDED from src\main\AndroidManifest.xml:127:13-47
	android:name
		ADDED from src\main\AndroidManifest.xml:126:13-59
activity#com.example.cttarde.tcc_wissen.activity.EventosSeguidosActivity
ADDED from src\main\AndroidManifest.xml:129:9-132:57
	android:windowSoftInputMode
		ADDED from src\main\AndroidManifest.xml:132:13-54
	android:theme
		ADDED from src\main\AndroidManifest.xml:131:13-47
	android:name
		ADDED from src\main\AndroidManifest.xml:130:13-61
uses-sdk
INJECTED from src\main\AndroidManifest.xml reason: use-sdk injection requested
MERGED from [com.synnapps:carouselview:0.1.4] AndroidManifest.xml:7:5-9:41
MERGED from [com.android.support:design:25.3.1] AndroidManifest.xml:21:5-23:62
MERGED from [com.android.support:recyclerview-v7:25.3.1] AndroidManifest.xml:20:5-43
MERGED from [com.android.support:transition:25.3.1] AndroidManifest.xml:20:5-44
MERGED from [com.android.support:appcompat-v7:25.3.1] AndroidManifest.xml:21:5-23:78
MERGED from [com.android.support:animated-vector-drawable:25.3.1] AndroidManifest.xml:20:5-44
MERGED from [com.android.support:support-vector-drawable:25.3.1] AndroidManifest.xml:20:5-43
MERGED from [com.android.support:support-v4:25.3.1] AndroidManifest.xml:21:5-23:54
MERGED from [com.android.support:support-fragment:25.3.1] AndroidManifest.xml:21:5-23:60
MERGED from [com.android.support:support-media-compat:25.3.1] AndroidManifest.xml:21:5-23:63
MERGED from [com.android.support:support-core-ui:25.3.1] AndroidManifest.xml:21:5-23:58
MERGED from [com.android.support:support-core-utils:25.3.1] AndroidManifest.xml:21:5-23:61
MERGED from [com.android.support:support-compat:25.3.1] AndroidManifest.xml:21:5-23:58
MERGED from [me.drakeet.materialdialog:library:1.2.2] AndroidManifest.xml:8:5-10:41
MERGED from [com.android.support:cardview-v7:25.3.1] AndroidManifest.xml:20:5-43
MERGED from [com.daimajia.slider:library:1.1.5] AndroidManifest.xml:7:5-9:41
MERGED from [de.hdodenhof:circleimageview:2.1.0] AndroidManifest.xml:5:5-7:41
MERGED from [com.android.support.constraint:constraint-layout:1.0.2] AndroidManifest.xml:5:5-7:41
	tools:overrideLibrary
		ADDED from [com.android.support:design:25.3.1] AndroidManifest.xml:23:9-59
	android:targetSdkVersion
		INJECTED from src\main\AndroidManifest.xml
		INJECTED from src\main\AndroidManifest.xml
	android:minSdkVersion
		INJECTED from src\main\AndroidManifest.xml
		INJECTED from src\main\AndroidManifest.xml
meta-data#android.support.VERSION
ADDED from [com.android.support:design:25.3.1] AndroidManifest.xml:25:5-27:34
MERGED from [com.android.support:recyclerview-v7:25.3.1] AndroidManifest.xml:22:5-24:34
MERGED from [com.android.support:transition:25.3.1] AndroidManifest.xml:22:5-24:34
MERGED from [com.android.support:appcompat-v7:25.3.1] AndroidManifest.xml:25:5-27:34
MERGED from [com.android.support:animated-vector-drawable:25.3.1] AndroidManifest.xml:22:5-24:34
MERGED from [com.android.support:support-vector-drawable:25.3.1] AndroidManifest.xml:22:5-24:34
MERGED from [com.android.support:support-v4:25.3.1] AndroidManifest.xml:25:5-27:34
MERGED from [com.android.support:support-fragment:25.3.1] AndroidManifest.xml:25:5-27:34
MERGED from [com.android.support:support-media-compat:25.3.1] AndroidManifest.xml:25:5-27:34
MERGED from [com.android.support:support-core-ui:25.3.1] AndroidManifest.xml:25:5-27:34
MERGED from [com.android.support:support-core-utils:25.3.1] AndroidManifest.xml:25:5-27:34
MERGED from [com.android.support:support-compat:25.3.1] AndroidManifest.xml:25:5-27:34
MERGED from [com.android.support:cardview-v7:25.3.1] AndroidManifest.xml:22:5-24:34
	android:value
		ADDED from [com.android.support:design:25.3.1] AndroidManifest.xml:27:9-31
	android:name
		ADDED from [com.android.support:design:25.3.1] AndroidManifest.xml:26:9-47